[2018-04-11 03:43:41] development.ERROR: Exception: The bootstrap/cache directory must be present and writable. in /var/www/html/blog/vendor/laravel/framework/src/Illuminate/Foundation/ProviderRepository.php:190
Stack trace:
#0 /var/www/html/blog/vendor/laravel/framework/src/Illuminate/Foundation/ProviderRepository.php(165): Illuminate\Foundation\ProviderRepository->writeManifest(Array)
#1 /var/www/html/blog/vendor/laravel/framework/src/Illuminate/Foundation/ProviderRepository.php(61): Illuminate\Foundation\ProviderRepository->compileManifest(Array)
#2 /var/www/html/blog/vendor/laravel/framework/src/Illuminate/Foundation/Application.php(561): Illuminate\Foundation\ProviderRepository->load(Array)
#3 /var/www/html/blog/vendor/laravel/framework/src/Illuminate/Foundation/Bootstrap/RegisterProviders.php(17): Illuminate\Foundation\Application->registerConfiguredProviders()
#4 /var/www/html/blog/vendor/laravel/framework/src/Illuminate/Foundation/Application.php(213): Illuminate\Foundation\Bootstrap\RegisterProviders->bootstrap(Object(October\Rain\Foundation\Application))
#5 /var/www/html/blog/vendor/laravel/framework/src/Illuminate/Foundation/Http/Kernel.php(162): Illuminate\Foundation\Application->bootstrapWith(Array)
#6 /var/www/html/blog/vendor/laravel/framework/src/Illuminate/Foundation/Http/Kernel.php(146): Illuminate\Foundation\Http\Kernel->bootstrap()
#7 /var/www/html/blog/vendor/laravel/framework/src/Illuminate/Foundation/Http/Kernel.php(116): Illuminate\Foundation\Http\Kernel->sendRequestThroughRouter(Object(Illuminate\Http\Request))
#8 /var/www/html/blog/index.php(43): Illuminate\Foundation\Http\Kernel->handle(Object(Illuminate\Http\Request))
#9 {main}  
[2018-04-11 03:44:49] development.ERROR: Exception: The bootstrap/cache directory must be present and writable. in /var/www/html/blog/vendor/laravel/framework/src/Illuminate/Foundation/ProviderRepository.php:190
Stack trace:
#0 /var/www/html/blog/vendor/laravel/framework/src/Illuminate/Foundation/ProviderRepository.php(165): Illuminate\Foundation\ProviderRepository->writeManifest(Array)
#1 /var/www/html/blog/vendor/laravel/framework/src/Illuminate/Foundation/ProviderRepository.php(61): Illuminate\Foundation\ProviderRepository->compileManifest(Array)
#2 /var/www/html/blog/vendor/laravel/framework/src/Illuminate/Foundation/Application.php(561): Illuminate\Foundation\ProviderRepository->load(Array)
#3 /var/www/html/blog/vendor/laravel/framework/src/Illuminate/Foundation/Bootstrap/RegisterProviders.php(17): Illuminate\Foundation\Application->registerConfiguredProviders()
#4 /var/www/html/blog/vendor/laravel/framework/src/Illuminate/Foundation/Application.php(213): Illuminate\Foundation\Bootstrap\RegisterProviders->bootstrap(Object(October\Rain\Foundation\Application))
#5 /var/www/html/blog/vendor/laravel/framework/src/Illuminate/Foundation/Http/Kernel.php(162): Illuminate\Foundation\Application->bootstrapWith(Array)
#6 /var/www/html/blog/vendor/laravel/framework/src/Illuminate/Foundation/Http/Kernel.php(146): Illuminate\Foundation\Http\Kernel->bootstrap()
#7 /var/www/html/blog/vendor/laravel/framework/src/Illuminate/Foundation/Http/Kernel.php(116): Illuminate\Foundation\Http\Kernel->sendRequestThroughRouter(Object(Illuminate\Http\Request))
#8 /var/www/html/blog/index.php(43): Illuminate\Foundation\Http\Kernel->handle(Object(Illuminate\Http\Request))
#9 {main}  
[2018-04-11 03:44:50] development.ERROR: Exception: The bootstrap/cache directory must be present and writable. in /var/www/html/blog/vendor/laravel/framework/src/Illuminate/Foundation/ProviderRepository.php:190
Stack trace:
#0 /var/www/html/blog/vendor/laravel/framework/src/Illuminate/Foundation/ProviderRepository.php(165): Illuminate\Foundation\ProviderRepository->writeManifest(Array)
#1 /var/www/html/blog/vendor/laravel/framework/src/Illuminate/Foundation/ProviderRepository.php(61): Illuminate\Foundation\ProviderRepository->compileManifest(Array)
#2 /var/www/html/blog/vendor/laravel/framework/src/Illuminate/Foundation/Application.php(561): Illuminate\Foundation\ProviderRepository->load(Array)
#3 /var/www/html/blog/vendor/laravel/framework/src/Illuminate/Foundation/Bootstrap/RegisterProviders.php(17): Illuminate\Foundation\Application->registerConfiguredProviders()
#4 /var/www/html/blog/vendor/laravel/framework/src/Illuminate/Foundation/Application.php(213): Illuminate\Foundation\Bootstrap\RegisterProviders->bootstrap(Object(October\Rain\Foundation\Application))
#5 /var/www/html/blog/vendor/laravel/framework/src/Illuminate/Foundation/Http/Kernel.php(162): Illuminate\Foundation\Application->bootstrapWith(Array)
#6 /var/www/html/blog/vendor/laravel/framework/src/Illuminate/Foundation/Http/Kernel.php(146): Illuminate\Foundation\Http\Kernel->bootstrap()
#7 /var/www/html/blog/vendor/laravel/framework/src/Illuminate/Foundation/Http/Kernel.php(116): Illuminate\Foundation\Http\Kernel->sendRequestThroughRouter(Object(Illuminate\Http\Request))
#8 /var/www/html/blog/index.php(43): Illuminate\Foundation\Http\Kernel->handle(Object(Illuminate\Http\Request))
#9 {main}  
[2018-04-11 03:44:50] development.ERROR: Exception: The bootstrap/cache directory must be present and writable. in /var/www/html/blog/vendor/laravel/framework/src/Illuminate/Foundation/ProviderRepository.php:190
Stack trace:
#0 /var/www/html/blog/vendor/laravel/framework/src/Illuminate/Foundation/ProviderRepository.php(165): Illuminate\Foundation\ProviderRepository->writeManifest(Array)
#1 /var/www/html/blog/vendor/laravel/framework/src/Illuminate/Foundation/ProviderRepository.php(61): Illuminate\Foundation\ProviderRepository->compileManifest(Array)
#2 /var/www/html/blog/vendor/laravel/framework/src/Illuminate/Foundation/Application.php(561): Illuminate\Foundation\ProviderRepository->load(Array)
#3 /var/www/html/blog/vendor/laravel/framework/src/Illuminate/Foundation/Bootstrap/RegisterProviders.php(17): Illuminate\Foundation\Application->registerConfiguredProviders()
#4 /var/www/html/blog/vendor/laravel/framework/src/Illuminate/Foundation/Application.php(213): Illuminate\Foundation\Bootstrap\RegisterProviders->bootstrap(Object(October\Rain\Foundation\Application))
#5 /var/www/html/blog/vendor/laravel/framework/src/Illuminate/Foundation/Http/Kernel.php(162): Illuminate\Foundation\Application->bootstrapWith(Array)
#6 /var/www/html/blog/vendor/laravel/framework/src/Illuminate/Foundation/Http/Kernel.php(146): Illuminate\Foundation\Http\Kernel->bootstrap()
#7 /var/www/html/blog/vendor/laravel/framework/src/Illuminate/Foundation/Http/Kernel.php(116): Illuminate\Foundation\Http\Kernel->sendRequestThroughRouter(Object(Illuminate\Http\Request))
#8 /var/www/html/blog/index.php(43): Illuminate\Foundation\Http\Kernel->handle(Object(Illuminate\Http\Request))
#9 {main}  
[2018-04-11 03:44:51] development.ERROR: Exception: The bootstrap/cache directory must be present and writable. in /var/www/html/blog/vendor/laravel/framework/src/Illuminate/Foundation/ProviderRepository.php:190
Stack trace:
#0 /var/www/html/blog/vendor/laravel/framework/src/Illuminate/Foundation/ProviderRepository.php(165): Illuminate\Foundation\ProviderRepository->writeManifest(Array)
#1 /var/www/html/blog/vendor/laravel/framework/src/Illuminate/Foundation/ProviderRepository.php(61): Illuminate\Foundation\ProviderRepository->compileManifest(Array)
#2 /var/www/html/blog/vendor/laravel/framework/src/Illuminate/Foundation/Application.php(561): Illuminate\Foundation\ProviderRepository->load(Array)
#3 /var/www/html/blog/vendor/laravel/framework/src/Illuminate/Foundation/Bootstrap/RegisterProviders.php(17): Illuminate\Foundation\Application->registerConfiguredProviders()
#4 /var/www/html/blog/vendor/laravel/framework/src/Illuminate/Foundation/Application.php(213): Illuminate\Foundation\Bootstrap\RegisterProviders->bootstrap(Object(October\Rain\Foundation\Application))
#5 /var/www/html/blog/vendor/laravel/framework/src/Illuminate/Foundation/Http/Kernel.php(162): Illuminate\Foundation\Application->bootstrapWith(Array)
#6 /var/www/html/blog/vendor/laravel/framework/src/Illuminate/Foundation/Http/Kernel.php(146): Illuminate\Foundation\Http\Kernel->bootstrap()
#7 /var/www/html/blog/vendor/laravel/framework/src/Illuminate/Foundation/Http/Kernel.php(116): Illuminate\Foundation\Http\Kernel->sendRequestThroughRouter(Object(Illuminate\Http\Request))
#8 /var/www/html/blog/index.php(43): Illuminate\Foundation\Http\Kernel->handle(Object(Illuminate\Http\Request))
#9 {main}  
[2018-04-11 03:52:34] development.ERROR: Exception: The bootstrap/cache directory must be present and writable. in /var/www/html/blog/vendor/laravel/framework/src/Illuminate/Foundation/ProviderRepository.php:190
Stack trace:
#0 /var/www/html/blog/vendor/laravel/framework/src/Illuminate/Foundation/ProviderRepository.php(165): Illuminate\Foundation\ProviderRepository->writeManifest(Array)
#1 /var/www/html/blog/vendor/laravel/framework/src/Illuminate/Foundation/ProviderRepository.php(61): Illuminate\Foundation\ProviderRepository->compileManifest(Array)
#2 /var/www/html/blog/vendor/laravel/framework/src/Illuminate/Foundation/Application.php(561): Illuminate\Foundation\ProviderRepository->load(Array)
#3 /var/www/html/blog/vendor/laravel/framework/src/Illuminate/Foundation/Bootstrap/RegisterProviders.php(17): Illuminate\Foundation\Application->registerConfiguredProviders()
#4 /var/www/html/blog/vendor/laravel/framework/src/Illuminate/Foundation/Application.php(213): Illuminate\Foundation\Bootstrap\RegisterProviders->bootstrap(Object(October\Rain\Foundation\Application))
#5 /var/www/html/blog/vendor/laravel/framework/src/Illuminate/Foundation/Http/Kernel.php(162): Illuminate\Foundation\Application->bootstrapWith(Array)
#6 /var/www/html/blog/vendor/laravel/framework/src/Illuminate/Foundation/Http/Kernel.php(146): Illuminate\Foundation\Http\Kernel->bootstrap()
#7 /var/www/html/blog/vendor/laravel/framework/src/Illuminate/Foundation/Http/Kernel.php(116): Illuminate\Foundation\Http\Kernel->sendRequestThroughRouter(Object(Illuminate\Http\Request))
#8 /var/www/html/blog/index.php(43): Illuminate\Foundation\Http\Kernel->handle(Object(Illuminate\Http\Request))
#9 {main}  
